2022年04月08日 08:30:00


车位太多，不播报:91
2022年04月08日 08:35:00


车位太多，不播报:87
2022年04月08日 08:40:00


2022年04月08日 08:40:00 \n剩余停车位数： 78
{"errcode":0,"errmsg":"ok"}2022年04月08日 08:45:00


2022年04月08日 08:45:00 \n剩余停车位数： 71
{"errcode":0,"errmsg":"ok"}2022年04月08日 08:50:00


2022年04月08日 08:50:00 \n剩余停车位数： 56
{"errcode":0,"errmsg":"ok"}2022年04月08日 08:55:00


2022年04月08日 08:55:00 \n剩余停车位数： 55
{"errcode":0,"errmsg":"ok"}2022年04月08日 09:00:00


整点播报
2022年04月08日 09:00:00 \n整点播报车位数： 43
{"errcode":0,"errmsg":"ok"}2022年04月08日 09:05:00


2022年04月08日 09:05:00 \n剩余停车位数： 29
{"errcode":0,"errmsg":"ok"}2022年04月08日 09:10:00


2022年04月08日 09:10:00 \n剩余停车位数： 19
{"errcode":0,"errmsg":"ok"}2022年04月08日 09:15:00


2022年04月08日 09:15:00 \n剩余停车位数： 8
{"errcode":0,"errmsg":"ok"}2022年04月08日 09:20:00


2022年04月08日 09:20:00 \n剩余停车位数： 0
{"errcode":0,"errmsg":"ok"}2022年04月08日 09:25:00


车位数一样，不播报
2022年04月08日 09:30:00


车位数一样，不播报
2022年04月08日 09:35:00


车位数一样，不播报
2022年04月08日 09:40:00


车位数一样，不播报
2022年04月08日 09:45:00


车位数一样，不播报
2022年04月08日 09:50:00


车位数一样，不播报
2022年04月08日 09:55:00


车位数一样，不播报
