2022年03月15日 08:30:00


车位太多，不播报:97
2022年03月15日 08:35:00


车位太多，不播报:93
2022年03月15日 08:40:00


车位太多，不播报:87
2022年03月15日 08:45:00


车位太多，不播报:84
2022年03月15日 08:50:00


2022年03月15日 08:50:00 \n剩余停车位数： 71
{"errcode":0,"errmsg":"ok"}2022年03月15日 08:55:00


2022年03月15日 08:55:00 \n剩余停车位数： 65
{"errcode":0,"errmsg":"ok"}2022年03月15日 09:00:00


整点播报
2022年03月15日 09:00:00 \n整点播报车位数： 53
{"errcode":0,"errmsg":"ok"}2022年03月15日 09:05:00


2022年03月15日 09:05:00 \n剩余停车位数： 42
{"errcode":0,"errmsg":"ok"}2022年03月15日 09:10:00


2022年03月15日 09:10:00 \n剩余停车位数： 28
{"errcode":0,"errmsg":"ok"}2022年03月15日 09:15:00


2022年03月15日 09:15:00 \n剩余停车位数： 15
{"errcode":0,"errmsg":"ok"}2022年03月15日 09:20:00


2022年03月15日 09:20:00 \n剩余停车位数： 10
{"errcode":0,"errmsg":"ok"}2022年03月15日 09:25:00


2022年03月15日 09:25:00 \n剩余停车位数： 2
{"errcode":0,"errmsg":"ok"}2022年03月15日 09:30:00


2022年03月15日 09:30:00 \n剩余停车位数： 0
{"errcode":0,"errmsg":"ok"}2022年03月15日 09:35:00


车位数一样，不播报
2022年03月15日 09:40:00


车位数一样，不播报
2022年03月15日 09:45:00


车位数一样，不播报
2022年03月15日 09:50:00


车位数一样，不播报
2022年03月15日 09:55:00


车位数一样，不播报
