2022年03月14日 08:30:00


2022年03月14日 08:30:00 \n剩余停车位数： 77
{"errcode":0,"errmsg":"ok"}2022年03月14日 08:35:00


2022年03月14日 08:35:00 \n剩余停车位数： 69
{"errcode":0,"errmsg":"ok"}2022年03月14日 08:40:00


2022年03月14日 08:40:00 \n剩余停车位数： 60
{"errcode":0,"errmsg":"ok"}2022年03月14日 08:45:00


2022年03月14日 08:45:00 \n剩余停车位数： 51
{"errcode":0,"errmsg":"ok"}2022年03月14日 08:50:00


2022年03月14日 08:50:00 \n剩余停车位数： 43
{"errcode":0,"errmsg":"ok"}2022年03月14日 08:55:00


2022年03月14日 08:55:00 \n剩余停车位数： 35
{"errcode":0,"errmsg":"ok"}2022年03月14日 09:00:00


整点播报
2022年03月14日 09:00:00 \n整点播报车位数： 26
{"errcode":0,"errmsg":"ok"}2022年03月14日 09:05:00


2022年03月14日 09:05:00 \n剩余停车位数： 10
{"errcode":0,"errmsg":"ok"}2022年03月14日 09:10:00


2022年03月14日 09:10:00 \n剩余停车位数： 0
{"errcode":0,"errmsg":"ok"}2022年03月14日 09:15:00


车位数一样，不播报
2022年03月14日 09:20:00


车位数一样，不播报
2022年03月14日 09:25:00


车位数一样，不播报
2022年03月14日 09:30:00


车位数一样，不播报
2022年03月14日 09:35:00


车位数一样，不播报
2022年03月14日 09:40:00


车位数一样，不播报
2022年03月14日 09:45:00


车位数一样，不播报
2022年03月14日 09:50:00


车位数一样，不播报
2022年03月14日 09:55:00


车位数一样，不播报
