2022年03月10日 08:30:00


车位太多，不播报:106
2022年03月10日 08:35:00


车位太多，不播报:103
2022年03月10日 08:40:00


车位太多，不播报:99
2022年03月10日 08:45:00


车位太多，不播报:92
2022年03月10日 08:50:00


车位太多，不播报:82
2022年03月10日 08:55:00


2022年03月10日 08:55:00 \n剩余停车位数： 77
{"errcode":0,"errmsg":"ok"}2022年03月10日 09:00:00


整点播报
2022年03月10日 09:00:00 \n整点播报车位数： 65
{"errcode":0,"errmsg":"ok"}2022年03月10日 09:05:00


2022年03月10日 09:05:00 \n剩余停车位数： 62
{"errcode":0,"errmsg":"ok"}2022年03月10日 09:10:00


2022年03月10日 09:10:00 \n剩余停车位数： 52
{"errcode":0,"errmsg":"ok"}2022年03月10日 09:15:00


2022年03月10日 09:15:00 \n剩余停车位数： 42
{"errcode":0,"errmsg":"ok"}2022年03月10日 09:20:00


2022年03月10日 09:20:00 \n剩余停车位数： 32
{"errcode":0,"errmsg":"ok"}2022年03月10日 09:25:00


2022年03月10日 09:25:00 \n剩余停车位数： 23
{"errcode":0,"errmsg":"ok"}2022年03月10日 09:30:00


2022年03月10日 09:30:00 \n剩余停车位数： 18
{"errcode":0,"errmsg":"ok"}2022年03月10日 09:35:00


2022年03月10日 09:35:00 \n剩余停车位数： 16
{"errcode":0,"errmsg":"ok"}2022年03月10日 09:40:00


2022年03月10日 09:40:00 \n剩余停车位数： 11
{"errcode":0,"errmsg":"ok"}2022年03月10日 09:45:00


2022年03月10日 09:45:00 \n剩余停车位数： 6
{"errcode":0,"errmsg":"ok"}2022年03月10日 09:50:00


2022年03月10日 09:50:00 \n剩余停车位数： 2
{"errcode":0,"errmsg":"ok"}2022年03月10日 09:55:00


2022年03月10日 09:55:00 \n剩余停车位数： 0
{"errcode":0,"errmsg":"ok"}