2022年03月25日 08:30:00


车位太多，不播报:99
2022年03月25日 08:35:00


车位太多，不播报:99
2022年03月25日 08:40:00


车位太多，不播报:89
2022年03月25日 08:45:00


车位太多，不播报:85
2022年03月25日 08:50:00


2022年03月25日 08:50:00 \n剩余停车位数： 80
{"errcode":0,"errmsg":"ok"}2022年03月25日 08:55:00


2022年03月25日 08:55:00 \n剩余停车位数： 72
{"errcode":0,"errmsg":"ok"}2022年03月25日 09:00:00


整点播报
2022年03月25日 09:00:00 \n整点播报车位数： 65
{"errcode":0,"errmsg":"ok"}2022年03月25日 09:05:00


2022年03月25日 09:05:00 \n剩余停车位数： 51
{"errcode":0,"errmsg":"ok"}2022年03月25日 09:10:00


2022年03月25日 09:10:00 \n剩余停车位数： 37
{"errcode":0,"errmsg":"ok"}2022年03月25日 09:15:00


2022年03月25日 09:15:00 \n剩余停车位数： 25
{"errcode":0,"errmsg":"ok"}2022年03月25日 09:20:00


2022年03月25日 09:20:00 \n剩余停车位数： 13
{"errcode":0,"errmsg":"ok"}2022年03月25日 09:25:00


2022年03月25日 09:25:00 \n剩余停车位数： 0
{"errcode":0,"errmsg":"ok"}2022年03月25日 09:30:00


车位数一样，不播报
2022年03月25日 09:35:00


车位数一样，不播报
2022年03月25日 09:40:00


车位数一样，不播报
2022年03月25日 09:45:00


车位数一样，不播报
2022年03月25日 09:50:00


车位数一样，不播报
2022年03月25日 09:55:00


车位数一样，不播报
